<?xml version="1.0" encoding="UTF-8"?>
<!-- Generated by org.testng.reporters.JUnitXMLReporter -->
<testsuite ignored="4" hostname="Srisri" failures="0" tests="1" name="Default test" time="0.168" errors="0" timestamp="2024-04-09T12:26:37 GMT-05:00">
  <testcase classname="com.cracdeal.qa.testcases.Dummy" name="isDesktopSupported" time="0.117"/>
  <testcase classname="com.cracdeal.qa.testcases.Dummy" name="generateExtentReport" time="0.0">
    <ignored/>
  </testcase> <!-- generateExtentReport -->
  <testcase classname="com.cracdeal.qa.testcases.Dummy" name="getProperties" time="0.0">
    <ignored/>
  </testcase> <!-- getProperties -->
  <testcase classname="com.cracdeal.qa.testcases.Dummy" name="dummyMethod" time="0.0">
    <ignored/>
  </testcase> <!-- dummyMethod -->
  <testcase classname="com.cracdeal.qa.testcases.Dummy" name="getProducts" time="0.0">
    <ignored/>
  </testcase> <!-- getProducts -->
</testsuite> <!-- Default test -->
