<?xml version="1.0" encoding="UTF-8"?>
<testng-results ignored="0" total="12" passed="12" failed="0" skipped="0">
  <reporter-output>
  </reporter-output>
  <suite started-at="2024-04-11T11:26:31 GMT-05:00" name="Cracdeal Automation Suite" finished-at="2024-04-11T11:28:17 GMT-05:00" duration-ms="105584">
    <groups>
    </groups>
    <test started-at="2024-04-11T11:26:31 GMT-05:00" name="Cracdeal Tests" finished-at="2024-04-11T11:28:17 GMT-05:00" duration-ms="105584">
      <class name="com.cracdeal.qa.testcases.ContactUsPageTests">
        <test-method is-config="true" signature="setUp()[pri:0, instance:com.cracdeal.qa.testcases.ContactUsPageTests@a514af7]" started-at="2024-04-11T11:27:48 GMT-05:00" name="setUp" finished-at="2024-04-11T11:27:54 GMT-05:00" duration-ms="6428" status="PASS">
          <reporter-output>
          </reporter-output>
        </test-method> <!-- setUp -->
        <test-method signature="validate_ContactUs_Content()[pri:1, instance:com.cracdeal.qa.testcases.ContactUsPageTests@a514af7]" started-at="2024-04-11T11:27:54 GMT-05:00" name="validate_ContactUs_Content" finished-at="2024-04-11T11:27:59 GMT-05:00" duration-ms="5155" status="PASS">
          <reporter-output>
          </reporter-output>
        </test-method> <!-- validate_ContactUs_Content -->
        <test-method is-config="true" signature="tearDown()[pri:0, instance:com.cracdeal.qa.testcases.ContactUsPageTests@a514af7]" started-at="2024-04-11T11:27:59 GMT-05:00" name="tearDown" finished-at="2024-04-11T11:27:59 GMT-05:00" duration-ms="167" status="PASS">
          <reporter-output>
          </reporter-output>
        </test-method> <!-- tearDown -->
        <test-method is-config="true" signature="setUp()[pri:0, instance:com.cracdeal.qa.testcases.ContactUsPageTests@a514af7]" started-at="2024-04-11T11:27:59 GMT-05:00" name="setUp" finished-at="2024-04-11T11:28:06 GMT-05:00" duration-ms="6489" status="PASS">
          <reporter-output>
          </reporter-output>
        </test-method> <!-- setUp -->
        <test-method signature="validate_Submit_Contact_Form()[pri:2, instance:com.cracdeal.qa.testcases.ContactUsPageTests@a514af7]" started-at="2024-04-11T11:28:06 GMT-05:00" name="validate_Submit_Contact_Form" finished-at="2024-04-11T11:28:17 GMT-05:00" duration-ms="10707" status="PASS">
          <reporter-output>
          </reporter-output>
        </test-method> <!-- validate_Submit_Contact_Form -->
        <test-method is-config="true" signature="tearDown()[pri:0, instance:com.cracdeal.qa.testcases.ContactUsPageTests@a514af7]" started-at="2024-04-11T11:28:17 GMT-05:00" name="tearDown" finished-at="2024-04-11T11:28:17 GMT-05:00" duration-ms="150" status="PASS">
          <reporter-output>
          </reporter-output>
        </test-method> <!-- tearDown -->
      </class> <!-- com.cracdeal.qa.testcases.ContactUsPageTests -->
      <class name="com.cracdeal.qa.testcases.HomePageTests">
        <test-method is-config="true" signature="setUp()[pri:0, instance:com.cracdeal.qa.testcases.HomePageTests@16ec5519]" started-at="2024-04-11T11:26:32 GMT-05:00" name="setUp" finished-at="2024-04-11T11:26:40 GMT-05:00" duration-ms="8081" status="PASS">
          <reporter-output>
          </reporter-output>
        </test-method> <!-- setUp -->
        <test-method signature="validate_Title()[pri:1, instance:com.cracdeal.qa.testcases.HomePageTests@16ec5519]" started-at="2024-04-11T11:26:40 GMT-05:00" name="validate_Title" finished-at="2024-04-11T11:26:40 GMT-05:00" duration-ms="20" status="PASS">
          <reporter-output>
          </reporter-output>
        </test-method> <!-- validate_Title -->
        <test-method is-config="true" signature="tearDown()[pri:0, instance:com.cracdeal.qa.testcases.HomePageTests@16ec5519]" started-at="2024-04-11T11:26:40 GMT-05:00" name="tearDown" finished-at="2024-04-11T11:26:40 GMT-05:00" duration-ms="154" status="PASS">
          <reporter-output>
          </reporter-output>
        </test-method> <!-- tearDown -->
        <test-method is-config="true" signature="setUp()[pri:0, instance:com.cracdeal.qa.testcases.HomePageTests@16ec5519]" started-at="2024-04-11T11:26:40 GMT-05:00" name="setUp" finished-at="2024-04-11T11:26:47 GMT-05:00" duration-ms="6921" status="PASS">
          <reporter-output>
          </reporter-output>
        </test-method> <!-- setUp -->
        <test-method signature="validate_Url()[pri:2, instance:com.cracdeal.qa.testcases.HomePageTests@16ec5519]" started-at="2024-04-11T11:26:47 GMT-05:00" name="validate_Url" finished-at="2024-04-11T11:26:47 GMT-05:00" duration-ms="12" status="PASS">
          <reporter-output>
          </reporter-output>
        </test-method> <!-- validate_Url -->
        <test-method is-config="true" signature="tearDown()[pri:0, instance:com.cracdeal.qa.testcases.HomePageTests@16ec5519]" started-at="2024-04-11T11:26:47 GMT-05:00" name="tearDown" finished-at="2024-04-11T11:26:47 GMT-05:00" duration-ms="134" status="PASS">
          <reporter-output>
          </reporter-output>
        </test-method> <!-- tearDown -->
        <test-method is-config="true" signature="setUp()[pri:0, instance:com.cracdeal.qa.testcases.HomePageTests@16ec5519]" started-at="2024-04-11T11:26:47 GMT-05:00" name="setUp" finished-at="2024-04-11T11:26:54 GMT-05:00" duration-ms="6610" status="PASS">
          <reporter-output>
          </reporter-output>
        </test-method> <!-- setUp -->
        <test-method signature="validate_PageSource_Is_NotEmpty()[pri:3, instance:com.cracdeal.qa.testcases.HomePageTests@16ec5519]" started-at="2024-04-11T11:26:54 GMT-05:00" name="validate_PageSource_Is_NotEmpty" finished-at="2024-04-11T11:26:54 GMT-05:00" duration-ms="127" status="PASS">
          <reporter-output>
          </reporter-output>
        </test-method> <!-- validate_PageSource_Is_NotEmpty -->
        <test-method is-config="true" signature="tearDown()[pri:0, instance:com.cracdeal.qa.testcases.HomePageTests@16ec5519]" started-at="2024-04-11T11:26:54 GMT-05:00" name="tearDown" finished-at="2024-04-11T11:26:54 GMT-05:00" duration-ms="138" status="PASS">
          <reporter-output>
          </reporter-output>
        </test-method> <!-- tearDown -->
        <test-method is-config="true" signature="setUp()[pri:0, instance:com.cracdeal.qa.testcases.HomePageTests@16ec5519]" started-at="2024-04-11T11:26:54 GMT-05:00" name="setUp" finished-at="2024-04-11T11:26:59 GMT-05:00" duration-ms="5282" status="PASS">
          <reporter-output>
          </reporter-output>
        </test-method> <!-- setUp -->
        <test-method signature="validate_Menus_In_PrimaryHeader()[pri:4, instance:com.cracdeal.qa.testcases.HomePageTests@16ec5519]" started-at="2024-04-11T11:26:59 GMT-05:00" name="validate_Menus_In_PrimaryHeader" finished-at="2024-04-11T11:26:59 GMT-05:00" duration-ms="135" status="PASS">
          <reporter-output>
          </reporter-output>
        </test-method> <!-- validate_Menus_In_PrimaryHeader -->
        <test-method is-config="true" signature="tearDown()[pri:0, instance:com.cracdeal.qa.testcases.HomePageTests@16ec5519]" started-at="2024-04-11T11:26:59 GMT-05:00" name="tearDown" finished-at="2024-04-11T11:26:59 GMT-05:00" duration-ms="163" status="PASS">
          <reporter-output>
          </reporter-output>
        </test-method> <!-- tearDown -->
        <test-method is-config="true" signature="setUp()[pri:0, instance:com.cracdeal.qa.testcases.HomePageTests@16ec5519]" started-at="2024-04-11T11:26:59 GMT-05:00" name="setUp" finished-at="2024-04-11T11:27:06 GMT-05:00" duration-ms="6681" status="PASS">
          <reporter-output>
          </reporter-output>
        </test-method> <!-- setUp -->
        <test-method signature="validate_Menus_In_SecondaryHeader()[pri:5, instance:com.cracdeal.qa.testcases.HomePageTests@16ec5519]" started-at="2024-04-11T11:27:06 GMT-05:00" name="validate_Menus_In_SecondaryHeader" finished-at="2024-04-11T11:27:06 GMT-05:00" duration-ms="117" status="PASS">
          <reporter-output>
          </reporter-output>
        </test-method> <!-- validate_Menus_In_SecondaryHeader -->
        <test-method is-config="true" signature="tearDown()[pri:0, instance:com.cracdeal.qa.testcases.HomePageTests@16ec5519]" started-at="2024-04-11T11:27:06 GMT-05:00" name="tearDown" finished-at="2024-04-11T11:27:06 GMT-05:00" duration-ms="165" status="PASS">
          <reporter-output>
          </reporter-output>
        </test-method> <!-- tearDown -->
        <test-method is-config="true" signature="setUp()[pri:0, instance:com.cracdeal.qa.testcases.HomePageTests@16ec5519]" started-at="2024-04-11T11:27:06 GMT-05:00" name="setUp" finished-at="2024-04-11T11:27:13 GMT-05:00" duration-ms="6564" status="PASS">
          <reporter-output>
          </reporter-output>
        </test-method> <!-- setUp -->
        <test-method signature="validate_Presence_Of_Live_Search()[pri:6, instance:com.cracdeal.qa.testcases.HomePageTests@16ec5519]" started-at="2024-04-11T11:27:13 GMT-05:00" name="validate_Presence_Of_Live_Search" finished-at="2024-04-11T11:27:13 GMT-05:00" duration-ms="55" status="PASS">
          <reporter-output>
          </reporter-output>
        </test-method> <!-- validate_Presence_Of_Live_Search -->
        <test-method is-config="true" signature="tearDown()[pri:0, instance:com.cracdeal.qa.testcases.HomePageTests@16ec5519]" started-at="2024-04-11T11:27:13 GMT-05:00" name="tearDown" finished-at="2024-04-11T11:27:13 GMT-05:00" duration-ms="159" status="PASS">
          <reporter-output>
          </reporter-output>
        </test-method> <!-- tearDown -->
        <test-method is-config="true" signature="setUp()[pri:0, instance:com.cracdeal.qa.testcases.HomePageTests@16ec5519]" started-at="2024-04-11T11:27:13 GMT-05:00" name="setUp" finished-at="2024-04-11T11:27:18 GMT-05:00" duration-ms="5241" status="PASS">
          <reporter-output>
          </reporter-output>
        </test-method> <!-- setUp -->
        <test-method signature="validate_Different_Sections_of_HomePage()[pri:7, instance:com.cracdeal.qa.testcases.HomePageTests@16ec5519]" started-at="2024-04-11T11:27:18 GMT-05:00" name="validate_Different_Sections_of_HomePage" finished-at="2024-04-11T11:27:19 GMT-05:00" duration-ms="113" status="PASS">
          <reporter-output>
          </reporter-output>
        </test-method> <!-- validate_Different_Sections_of_HomePage -->
        <test-method is-config="true" signature="tearDown()[pri:0, instance:com.cracdeal.qa.testcases.HomePageTests@16ec5519]" started-at="2024-04-11T11:27:19 GMT-05:00" name="tearDown" finished-at="2024-04-11T11:27:19 GMT-05:00" duration-ms="137" status="PASS">
          <reporter-output>
          </reporter-output>
        </test-method> <!-- tearDown -->
        <test-method is-config="true" signature="setUp()[pri:0, instance:com.cracdeal.qa.testcases.HomePageTests@16ec5519]" started-at="2024-04-11T11:27:19 GMT-05:00" name="setUp" finished-at="2024-04-11T11:27:25 GMT-05:00" duration-ms="6589" status="PASS">
          <reporter-output>
          </reporter-output>
        </test-method> <!-- setUp -->
        <test-method signature="validate_Availability_of_FavouriteStores()[pri:8, instance:com.cracdeal.qa.testcases.HomePageTests@16ec5519]" started-at="2024-04-11T11:27:25 GMT-05:00" name="validate_Availability_of_FavouriteStores" finished-at="2024-04-11T11:27:25 GMT-05:00" duration-ms="114" status="PASS">
          <reporter-output>
          </reporter-output>
        </test-method> <!-- validate_Availability_of_FavouriteStores -->
        <test-method is-config="true" signature="tearDown()[pri:0, instance:com.cracdeal.qa.testcases.HomePageTests@16ec5519]" started-at="2024-04-11T11:27:25 GMT-05:00" name="tearDown" finished-at="2024-04-11T11:27:26 GMT-05:00" duration-ms="147" status="PASS">
          <reporter-output>
          </reporter-output>
        </test-method> <!-- tearDown -->
      </class> <!-- com.cracdeal.qa.testcases.HomePageTests -->
      <class name="com.cracdeal.qa.testcases.AboutUsPageTests">
        <test-method is-config="true" signature="setUp()[pri:0, instance:com.cracdeal.qa.testcases.AboutUsPageTests@4466af20]" started-at="2024-04-11T11:27:26 GMT-05:00" name="setUp" finished-at="2024-04-11T11:27:31 GMT-05:00" duration-ms="5274" status="PASS">
          <reporter-output>
          </reporter-output>
        </test-method> <!-- setUp -->
        <test-method signature="validate_AboutUs_Content()[pri:1, instance:com.cracdeal.qa.testcases.AboutUsPageTests@4466af20]" started-at="2024-04-11T11:27:31 GMT-05:00" name="validate_AboutUs_Content" finished-at="2024-04-11T11:27:36 GMT-05:00" duration-ms="4822" status="PASS">
          <reporter-output>
          </reporter-output>
        </test-method> <!-- validate_AboutUs_Content -->
        <test-method is-config="true" signature="tearDown()[pri:0, instance:com.cracdeal.qa.testcases.AboutUsPageTests@4466af20]" started-at="2024-04-11T11:27:36 GMT-05:00" name="tearDown" finished-at="2024-04-11T11:27:36 GMT-05:00" duration-ms="177" status="PASS">
          <reporter-output>
          </reporter-output>
        </test-method> <!-- tearDown -->
        <test-method is-config="true" signature="setUp()[pri:0, instance:com.cracdeal.qa.testcases.AboutUsPageTests@4466af20]" started-at="2024-04-11T11:27:36 GMT-05:00" name="setUp" finished-at="2024-04-11T11:27:42 GMT-05:00" duration-ms="6558" status="PASS">
          <reporter-output>
          </reporter-output>
        </test-method> <!-- setUp -->
        <test-method signature="validate_Adding_Comment()[pri:2, instance:com.cracdeal.qa.testcases.AboutUsPageTests@4466af20]" started-at="2024-04-11T11:27:42 GMT-05:00" name="validate_Adding_Comment" finished-at="2024-04-11T11:27:48 GMT-05:00" duration-ms="5143" status="PASS">
          <reporter-output>
          </reporter-output>
        </test-method> <!-- validate_Adding_Comment -->
        <test-method is-config="true" signature="tearDown()[pri:0, instance:com.cracdeal.qa.testcases.AboutUsPageTests@4466af20]" started-at="2024-04-11T11:27:48 GMT-05:00" name="tearDown" finished-at="2024-04-11T11:27:48 GMT-05:00" duration-ms="159" status="PASS">
          <reporter-output>
          </reporter-output>
        </test-method> <!-- tearDown -->
      </class> <!-- com.cracdeal.qa.testcases.AboutUsPageTests -->
    </test> <!-- Cracdeal Tests -->
  </suite> <!-- Cracdeal Automation Suite -->
</testng-results>
