<?xml version="1.0" encoding="UTF-8"?>
<!-- Generated by org.testng.reporters.JUnitXMLReporter -->
<testsuite ignored="0" hostname="Srisri" failures="0" tests="12" name="Cracdeal Tests" time="106.738" errors="0" timestamp="2024-04-09T12:35:48 GMT-05:00">
  <testcase classname="com.cracdeal.qa.testcases.HomePageTests" name="validate_Title" time="0.034"/>
  <testcase classname="com.cracdeal.qa.testcases.HomePageTests" name="validate_Url" time="0.014"/>
  <testcase classname="com.cracdeal.qa.testcases.HomePageTests" name="validate_PageSource_Is_NotEmpty" time="0.13"/>
  <testcase classname="com.cracdeal.qa.testcases.HomePageTests" name="validate_Menus_In_PrimaryHeader" time="0.135"/>
  <testcase classname="com.cracdeal.qa.testcases.HomePageTests" name="validate_Menus_In_SecondaryHeader" time="0.108"/>
  <testcase classname="com.cracdeal.qa.testcases.HomePageTests" name="validate_Presence_Of_Live_Search" time="0.058"/>
  <testcase classname="com.cracdeal.qa.testcases.HomePageTests" name="validate_Different_Sections_of_HomePage" time="0.115"/>
  <testcase classname="com.cracdeal.qa.testcases.HomePageTests" name="validate_Availability_of_FavouriteStores" time="0.133"/>
  <testcase classname="com.cracdeal.qa.testcases.AboutUsPageTests" name="validate_AboutUs_Content" time="5.082"/>
  <testcase classname="com.cracdeal.qa.testcases.AboutUsPageTests" name="validate_Adding_Comment" time="5.166"/>
  <testcase classname="com.cracdeal.qa.testcases.ContactUsPageTests" name="validate_ContactUs_Content" time="5.173"/>
  <testcase classname="com.cracdeal.qa.testcases.ContactUsPageTests" name="validate_Submit_Contact_Form" time="10.923"/>
</testsuite> <!-- Cracdeal Tests -->
